C:\USERS\RANDY\DOCUMENTS\GITHUB\ZDK\ZIGNATIVEKINECTAUDIOSOURCEDLL\RELEASE\ZIGNATIVEKINECTAUDIOSOURCEDLL.PCH
C:\USERS\RANDY\DOCUMENTS\GITHUB\ZDK\ZIGNATIVEKINECTAUDIOSOURCEDLL\RELEASE\KINECTAUDIOSTREAM.OBJ
C:\USERS\RANDY\DOCUMENTS\GITHUB\ZDK\ZIGNATIVEKINECTAUDIOSOURCEDLL\RELEASE\ZIGNATIVESPEECHRECOGNIZER.OBJ
C:\USERS\RANDY\DOCUMENTS\GITHUB\ZDK\ZIGNATIVEKINECTAUDIOSOURCEDLL\RELEASE\SPEECHRECOGNITION_EXPORT_API.OBJ
C:\USERS\RANDY\DOCUMENTS\GITHUB\ZDK\ZIGNATIVEKINECTAUDIOSOURCEDLL\RELEASE\ZIGNATIVEKINECTAUDIOSOURCEDLL.OBJ
C:\USERS\RANDY\DOCUMENTS\GITHUB\ZDK\ZIGNATIVEKINECTAUDIOSOURCEDLL\RELEASE\VC110.PDB
C:\USERS\RANDY\DOCUMENTS\GITHUB\ZDK\RELEASE\ZIGNATIVEKINECTAUDIOSOURCEDLL.DLL
C:\Users\Randy\Documents\GitHub\ZDK\Release\ZigNativeKinectAudioSourceDll.lib
C:\Users\Randy\Documents\GitHub\ZDK\Release\ZigNativeKinectAudioSourceDll.exp
C:\Users\Randy\Documents\GitHub\ZDK\ZigNativeKinectAudioSourceDll\Release\KinectAudioStream.obj
C:\Users\Randy\Documents\GitHub\ZDK\ZigNativeKinectAudioSourceDll\Release\SpeechRecognition_Export_API.obj
C:\Users\Randy\Documents\GitHub\ZDK\ZigNativeKinectAudioSourceDll\Release\ZigNativeKinectAudioSourceDll.obj
C:\Users\Randy\Documents\GitHub\ZDK\ZigNativeKinectAudioSourceDll\Release\ZigNativeSpeechRecognizer.obj
C:\Users\Randy\Documents\GitHub\ZDK\ZigNativeKinectAudioSourceDll\Release\cl.command.1.tlog
C:\Users\Randy\Documents\GitHub\ZDK\ZigNativeKinectAudioSourceDll\Release\CL.read.1.tlog
C:\Users\Randy\Documents\GitHub\ZDK\ZigNativeKinectAudioSourceDll\Release\CL.write.1.tlog
C:\Users\Randy\Documents\GitHub\ZDK\ZigNativeKinectAudioSourceDll\Release\link-cvtres.read.1.tlog
C:\Users\Randy\Documents\GitHub\ZDK\ZigNativeKinectAudioSourceDll\Release\link-cvtres.write.1.tlog
C:\Users\Randy\Documents\GitHub\ZDK\ZigNativeKinectAudioSourceDll\Release\link-rc.read.1.tlog
C:\Users\Randy\Documents\GitHub\ZDK\ZigNativeKinectAudioSourceDll\Release\link-rc.write.1.tlog
C:\Users\Randy\Documents\GitHub\ZDK\ZigNativeKinectAudioSourceDll\Release\link.command.1.tlog
C:\Users\Randy\Documents\GitHub\ZDK\ZigNativeKinectAudioSourceDll\Release\link.read.1.tlog
C:\Users\Randy\Documents\GitHub\ZDK\ZigNativeKinectAudioSourceDll\Release\link.write.1.tlog
C:\Users\Randy\Documents\GitHub\ZDK\ZigNativeKinectAudioSourceDll\Release\ZigNativeKinectAudioSourceDll.write.1.tlog
C:\Users\Randy\Documents\GitHub\ZDK\ZigNativeKinectAudioSourceDll\Release\ZigNativeKinectAudioSourceDll.pch
C:\Users\Randy\Documents\GitHub\ZDK\ZigNativeKinectAudioSourceDll\Release\vc110.pdb
C:\Users\Randy\Documents\GitHub\ZDK\Release\ZigNativeKinectAudioSourceDll.dll
