Build started 7/19/2013 12:39:31 AM.
     1>Project "C:\Users\Randy\Documents\GitHub\ZDK\ZigNativeKinectAudioSourceDll\ZigNativeKinectAudioSourceDll.vcxproj" on node 2 (Build target(s)).
     1>ClCompile:
         C:\Program Files (x86)\Microsoft Visual Studio 11.0\VC\bin\CL.exe /c /Zi /nologo /W3 /WX- /sdl /O2 /Oi /Oy- /GL /D WIN32 /D NDEBUG /D _WINDOWS /D _USRDLL /D ZIGNATIVEAUDIOBEAMDLL_EXPORTS /D _WINDLL /D _UNICODE /D UNICODE /Gm- /EHsc /MD /GS /Gy /fp:precise /Zc:wchar_t /Zc:forScope /Yc"stdafx.h" /Fp"Release\ZigNativeKinectAudioSourceDll.pch" /Fo"Release\\" /Fd"Release\vc110.pdb" /Gd /TP /analyze- /errorReport:prompt SpeechRecognition_Export_API.cpp ZigNativeSpeechRecognizer.cpp
         SpeechRecognition_Export_API.cpp
     1>C:\Program Files (x86)\Microsoft Visual Studio 11.0\VC\include\xutility(2089): warning C4244: '=' : conversion from 'wchar_t' to 'char', possible loss of data
                 C:\Program Files (x86)\Microsoft Visual Studio 11.0\VC\include\xutility(2110) : see reference to function template instantiation '_OutIt std::_Copy_impl<_InIt,_OutIt>(_InIt,_InIt,_OutIt,std::_Nonscalar_ptr_iterator_tag)' being compiled
                 with
                 [
                     _OutIt=char *,
                     _InIt=wchar_t *
                 ]
                 C:\Program Files (x86)\Microsoft Visual Studio 11.0\VC\include\xutility(2121) : see reference to function template instantiation '_OutIt std::_Copy_impl<wchar_t*,char*>(_InIt,_InIt,_OutIt)' being compiled
                 with
                 [
                     _OutIt=char *,
                     _InIt=wchar_t *
                 ]
                 c:\users\randy\documents\github\zdk\zignativekinectaudiosourcedll\StringHelper.h(34) : see reference to function template instantiation '_OutIt std::copy<std::_String_iterator<_Mystr>,std::_String_iterator<std::_String_val<_Val_types>>>(_InIt,_InIt,_OutIt)' being compiled
                 with
                 [
                     _OutIt=std::_String_iterator<std::_String_val<std::_Simple_types<char>>>,
                     _Mystr=std::_String_val<std::_Simple_types<wchar_t>>,
                     _Val_types=std::_Simple_types<char>,
                     _InIt=std::_String_iterator<std::_String_val<std::_Simple_types<wchar_t>>>
                 ]
         ZigNativeSpeechRecognizer.cpp
     1>ZigNativeSpeechRecognizer.cpp(113): warning C4244: 'initializing' : conversion from 'DWORD' to 'WORD', possible loss of data
     1>C:\Program Files (x86)\Microsoft Visual Studio 11.0\VC\include\xutility(2089): warning C4244: '=' : conversion from 'wchar_t' to 'char', possible loss of data
                 C:\Program Files (x86)\Microsoft Visual Studio 11.0\VC\include\xutility(2110) : see reference to function template instantiation '_OutIt std::_Copy_impl<_InIt,_OutIt>(_InIt,_InIt,_OutIt,std::_Nonscalar_ptr_iterator_tag)' being compiled
                 with
                 [
                     _OutIt=char *,
                     _InIt=wchar_t *
                 ]
                 C:\Program Files (x86)\Microsoft Visual Studio 11.0\VC\include\xutility(2121) : see reference to function template instantiation '_OutIt std::_Copy_impl<wchar_t*,char*>(_InIt,_InIt,_OutIt)' being compiled
                 with
                 [
                     _OutIt=char *,
                     _InIt=wchar_t *
                 ]
                 c:\users\randy\documents\github\zdk\zignativekinectaudiosourcedll\StringHelper.h(34) : see reference to function template instantiation '_OutIt std::copy<std::_String_iterator<_Mystr>,std::_String_iterator<std::_String_val<_Val_types>>>(_InIt,_InIt,_OutIt)' being compiled
                 with
                 [
                     _OutIt=std::_String_iterator<std::_String_val<std::_Simple_types<char>>>,
                     _Mystr=std::_String_val<std::_Simple_types<wchar_t>>,
                     _Val_types=std::_Simple_types<char>,
                     _InIt=std::_String_iterator<std::_String_val<std::_Simple_types<wchar_t>>>
                 ]
       Link:
         C:\Program Files (x86)\Microsoft Visual Studio 11.0\VC\bin\link.exe /ERRORREPORT:PROMPT /OUT:"C:\Users\Randy\Documents\GitHub\ZDK\Release\ZigNativeKinectAudioSourceDll.dll" /INCREMENTAL /NOLOGO /LIBPATH:"C:\Program Files\Microsoft SDKs\Kinect\v1.7\\lib\x86" Msdmo.lib dmoguids.lib amstrmid.lib avrt.lib kernel32.lib user32.lib winspool.lib comdlg32.lib advapi32.lib shell32.lib ole32.lib oleaut32.lib uuid.lib odbc32.lib odbccp32.lib Kinect10.lib kernel32.lib user32.lib gdi32.lib winspool.lib comdlg32.lib advapi32.lib shell32.lib ole32.lib oleaut32.lib uuid.lib odbc32.lib odbccp32.lib /MANIFEST /MANIFESTUAC:"level='asInvoker' uiAccess='false'" /manifest:embed /PDB:"C:\Users\Randy\Documents\GitHub\ZDK\Release\ZigNativeKinectAudioSourceDll.pdb" /SUBSYSTEM:WINDOWS /OPT:REF /OPT:ICF /LTCG /TLBID:1 /DYNAMICBASE /NXCOMPAT /IMPLIB:"C:\Users\Randy\Documents\GitHub\ZDK\Release\ZigNativeKinectAudioSourceDll.lib" /MACHINE:X86 /SAFESEH /DLL Release\KinectAudioStream.obj
         Release\ZigNativeSpeechRecognizer.obj
         Release\SpeechRecognition_Export_API.obj
         Release\ZigNativeKinectAudioSourceDll.obj
     1>LINK : warning LNK4075: ignoring '/INCREMENTAL' due to '/LTCG' specification
     1>LINK : warning C4727: PCH named c:\users\randy\documents\github\zdk\zignativekinectaudiosourcedll\release\zignativekinectaudiosourcedll.pch with same timestamp found in C:\Users\Randy\Documents\GitHub\ZDK\ZigNativeKinectAudioSourceDll\Release\ZigNativeSpeechRecognizer.obj and C:\Users\Randy\Documents\GitHub\ZDK\ZigNativeKinectAudioSourceDll\Release\KinectAudioStream.obj.  Using first PCH.
     1>LINK : warning C4727: PCH named c:\users\randy\documents\github\zdk\zignativekinectaudiosourcedll\release\zignativekinectaudiosourcedll.pch with same timestamp found in C:\Users\Randy\Documents\GitHub\ZDK\ZigNativeKinectAudioSourceDll\Release\SpeechRecognition_Export_API.obj and C:\Users\Randy\Documents\GitHub\ZDK\ZigNativeKinectAudioSourceDll\Release\KinectAudioStream.obj.  Using first PCH.
     1>LINK : warning C4727: PCH named c:\users\randy\documents\github\zdk\zignativekinectaudiosourcedll\release\zignativekinectaudiosourcedll.pch with same timestamp found in C:\Users\Randy\Documents\GitHub\ZDK\ZigNativeKinectAudioSourceDll\Release\ZigNativeKinectAudioSourceDll.obj and C:\Users\Randy\Documents\GitHub\ZDK\ZigNativeKinectAudioSourceDll\Release\KinectAudioStream.obj.  Using first PCH.
            Creating library C:\Users\Randy\Documents\GitHub\ZDK\Release\ZigNativeKinectAudioSourceDll.lib and object C:\Users\Randy\Documents\GitHub\ZDK\Release\ZigNativeKinectAudioSourceDll.exp
         Generating code
         Finished generating code
         ZigNativeKinectAudioSourceDll.vcxproj -> C:\Users\Randy\Documents\GitHub\ZDK\Release\ZigNativeKinectAudioSourceDll.dll
       PostBuildEvent:
         xcopy "C:\Users\Randy\Documents\GitHub\ZDK\Release\ZigNativeKinectAudioSourceDll.dll" "C:\Users\Randy\Documents\GitHub\ZDK\\KinectAudioUnityDemos\" /s /i /y
         :VCEnd
         C:\Users\Randy\Documents\GitHub\ZDK\Release\ZigNativeKinectAudioSourceDll.dll
         1 File(s) copied
     1>Done Building Project "C:\Users\Randy\Documents\GitHub\ZDK\ZigNativeKinectAudioSourceDll\ZigNativeKinectAudioSourceDll.vcxproj" (Build target(s)).

Build succeeded.

Time Elapsed 00:00:03.97
