Build started 1/24/2013 2:52:23 AM.
     1>Project "F:\zigfu\ZDK\facetracking\facetracking.vcxproj" on node 2 (build target(s)).
     1>InitializeBuildStatus:
         Touching "Release\facetracking.unsuccessfulbuild".
       ClCompile:
         C:\Program Files (x86)\Microsoft Visual Studio 10.0\VC\bin\CL.exe /c /Zi /nologo /W3 /WX- /O2 /Oi /Oy- /GL /D _WINDLL /D _MBCS /Gm- /EHsc /MD /GS /Gy /fp:precise /Zc:wchar_t /Zc:forScope /Fo"Release\\" /Fd"Release\vc100.pdb" /Gd /TP /analyze- /errorReport:prompt ft.cpp
         ft.cpp
       Link:
         C:\Program Files (x86)\Microsoft Visual Studio 10.0\VC\bin\link.exe /ERRORREPORT:PROMPT /OUT:"F:\zigfu\ZDK\Release\facetracking.dll" /NOLOGO kernel32.lib user32.lib gdi32.lib winspool.lib comdlg32.lib advapi32.lib shell32.lib ole32.lib oleaut32.lib uuid.lib odbc32.lib odbccp32.lib /MANIFEST /ManifestFile:"Release\facetracking.dll.intermediate.manifest" /MANIFESTUAC:"level='asInvoker' uiAccess='false'" /DEBUG /PDB:"F:\zigfu\ZDK\Release\facetracking.pdb" /OPT:REF /OPT:ICF /LTCG /TLBID:1 /NOENTRY /DYNAMICBASE /NXCOMPAT /IMPLIB:"F:\zigfu\ZDK\Release\facetracking.lib" /MACHINE:X86 /DLL Release\ft.obj
            Creating library F:\zigfu\ZDK\Release\facetracking.lib and object F:\zigfu\ZDK\Release\facetracking.exp
         Generating code
         Finished generating code
         facetracking.vcxproj -> F:\zigfu\ZDK\Release\facetracking.dll
       Manifest:
         C:\Program Files (x86)\Microsoft SDKs\Windows\v7.0A\bin\mt.exe /nologo /verbose /outputresource:"F:\zigfu\ZDK\Release\facetracking.dll;#2" /manifest Release\facetracking.dll.intermediate.manifest
       FinalizeBuildStatus:
         Deleting file "Release\facetracking.unsuccessfulbuild".
         Touching "Release\facetracking.lastbuildstate".
     1>Done Building Project "F:\zigfu\ZDK\facetracking\facetracking.vcxproj" (build target(s)).

Build succeeded.

Time Elapsed 00:00:01.02
