C:\USERS\RANDY\DOCUMENTS\GITHUB\ZDK\ZIGNATIVEKINECTAUDIOSOURCEDLL\X64\DEBUG\ZIGNATIVEKINECTAUDIOSOURCEDLL.PCH
C:\USERS\RANDY\DOCUMENTS\GITHUB\ZDK\ZIGNATIVEKINECTAUDIOSOURCEDLL\X64\DEBUG\ZIGNATIVEKINECTAUDIOSOURCEDLL.OBJ
C:\USERS\RANDY\DOCUMENTS\GITHUB\ZDK\ZIGNATIVEKINECTAUDIOSOURCEDLL\X64\DEBUG\KINECTAUDIOSTREAM.OBJ
C:\USERS\RANDY\DOCUMENTS\GITHUB\ZDK\ZIGNATIVEKINECTAUDIOSOURCEDLL\X64\DEBUG\VC110.PDB
C:\Users\Randy\Documents\GitHub\ZDK\ZigNativeKinectAudioSourceDll\x64\Debug\KinectAudioStream.obj
C:\Users\Randy\Documents\GitHub\ZDK\ZigNativeKinectAudioSourceDll\x64\Debug\ZigNativeKinectAudioSourceDll.obj
C:\Users\Randy\Documents\GitHub\ZDK\ZigNativeKinectAudioSourceDll\x64\Debug\cl.command.1.tlog
C:\Users\Randy\Documents\GitHub\ZDK\ZigNativeKinectAudioSourceDll\x64\Debug\CL.read.1.tlog
C:\Users\Randy\Documents\GitHub\ZDK\ZigNativeKinectAudioSourceDll\x64\Debug\CL.write.1.tlog
C:\Users\Randy\Documents\GitHub\ZDK\ZigNativeKinectAudioSourceDll\x64\Debug\link-cvtres.read.1.tlog
C:\Users\Randy\Documents\GitHub\ZDK\ZigNativeKinectAudioSourceDll\x64\Debug\link-cvtres.write.1.tlog
C:\Users\Randy\Documents\GitHub\ZDK\ZigNativeKinectAudioSourceDll\x64\Debug\link-rc.read.1.tlog
C:\Users\Randy\Documents\GitHub\ZDK\ZigNativeKinectAudioSourceDll\x64\Debug\link-rc.write.1.tlog
C:\Users\Randy\Documents\GitHub\ZDK\ZigNativeKinectAudioSourceDll\x64\Debug\link.command.1.tlog
C:\Users\Randy\Documents\GitHub\ZDK\ZigNativeKinectAudioSourceDll\x64\Debug\link.read.1.tlog
C:\Users\Randy\Documents\GitHub\ZDK\ZigNativeKinectAudioSourceDll\x64\Debug\link.write.1.tlog
C:\Users\Randy\Documents\GitHub\ZDK\ZigNativeKinectAudioSourceDll\x64\Debug\ZigNativeKinectAudioSourceDll.pch
C:\Users\Randy\Documents\GitHub\ZDK\ZigNativeKinectAudioSourceDll\x64\Debug\vc110.idb
C:\Users\Randy\Documents\GitHub\ZDK\ZigNativeKinectAudioSourceDll\x64\Debug\vc110.pdb
C:\Users\Randy\Documents\GitHub\ZDK\x64\Debug\ZigNativeKinectAudioSourceDll.pdb
