C:\USERS\RANDY\DOCUMENTS\GITHUB\ZDK\ZIGNATIVEKINECTAUDIOSOURCEDLL\DEBUG\ZIGNATIVEKINECTAUDIOSOURCEDLL.PCH
C:\USERS\RANDY\DOCUMENTS\GITHUB\ZDK\ZIGNATIVEKINECTAUDIOSOURCEDLL\DEBUG\ZIGNATIVEKINECTAUDIOSOURCEDLL.OBJ
C:\USERS\RANDY\DOCUMENTS\GITHUB\ZDK\ZIGNATIVEKINECTAUDIOSOURCEDLL\DEBUG\VC110.PDB
C:\USERS\RANDY\DOCUMENTS\GITHUB\ZDK\DEBUG\ZIGNATIVEKINECTAUDIOSOURCEDLL.ILK
C:\USERS\RANDY\DOCUMENTS\GITHUB\ZDK\DEBUG\ZIGNATIVEKINECTAUDIOSOURCEDLL.DLL
C:\USERS\RANDY\DOCUMENTS\GITHUB\ZDK\DEBUG\ZIGNATIVEKINECTAUDIOSOURCEDLL.PDB
C:\Users\Randy\Documents\GitHub\ZDK\Debug\ZigNativeKinectAudioSourceDll.lib
C:\Users\Randy\Documents\GitHub\ZDK\Debug\ZigNativeKinectAudioSourceDll.exp
C:\Users\Randy\Documents\GitHub\ZDK\ZigNativeKinectAudioSourceDll\Debug\ZigNativeKinectAudioSourceDll.obj
C:\Users\Randy\Documents\GitHub\ZDK\ZigNativeKinectAudioSourceDll\Debug\cl.command.1.tlog
C:\Users\Randy\Documents\GitHub\ZDK\ZigNativeKinectAudioSourceDll\Debug\CL.read.1.tlog
C:\Users\Randy\Documents\GitHub\ZDK\ZigNativeKinectAudioSourceDll\Debug\CL.write.1.tlog
C:\Users\Randy\Documents\GitHub\ZDK\ZigNativeKinectAudioSourceDll\Debug\link-cvtres.read.1.tlog
C:\Users\Randy\Documents\GitHub\ZDK\ZigNativeKinectAudioSourceDll\Debug\link-cvtres.write.1.tlog
C:\Users\Randy\Documents\GitHub\ZDK\ZigNativeKinectAudioSourceDll\Debug\link-rc.read.1.tlog
C:\Users\Randy\Documents\GitHub\ZDK\ZigNativeKinectAudioSourceDll\Debug\link-rc.write.1.tlog
C:\Users\Randy\Documents\GitHub\ZDK\ZigNativeKinectAudioSourceDll\Debug\link.command.1.tlog
C:\Users\Randy\Documents\GitHub\ZDK\ZigNativeKinectAudioSourceDll\Debug\link.read.1.tlog
C:\Users\Randy\Documents\GitHub\ZDK\ZigNativeKinectAudioSourceDll\Debug\link.write.1.tlog
C:\Users\Randy\Documents\GitHub\ZDK\ZigNativeKinectAudioSourceDll\Debug\ZigNativeKinectAudioSourceDll.write.1.tlog
C:\Users\Randy\Documents\GitHub\ZDK\ZigNativeKinectAudioSourceDll\Debug\ZigNativeKinectAudioSourceDll.pch
C:\Users\Randy\Documents\GitHub\ZDK\ZigNativeKinectAudioSourceDll\Debug\vc110.idb
C:\Users\Randy\Documents\GitHub\ZDK\ZigNativeKinectAudioSourceDll\Debug\vc110.pdb
C:\Users\Randy\Documents\GitHub\ZDK\Debug\ZigNativeKinectAudioSourceDll.pdb
C:\Users\Randy\Documents\GitHub\ZDK\Debug\ZigNativeKinectAudioSourceDll.dll
C:\Users\Randy\Documents\GitHub\ZDK\Debug\ZigNativeKinectAudioSourceDll.ilk
